[36mvite v8.0.12 [32mbuilding client environment for development...[36m[39m
[2Ktransforming...✓ 765 modules transformed.
[31m✗[39m Build failed in 1.72s
[31merror during build:
[31mBuild failed with 1 error:

[31m[builtin:vite-transform] Error:[0m Expected `,` or `]` but found `string`
    [38;5;246m╭[0m[38;5;246m─[0m[38;5;246m[[0m src/pages/Employees.jsx:45:5 [38;5;246m][0m
    [38;5;246m│[0m
 [38;5;246m36 │[0m [38;5;249m [0m[38;5;249m [0m[38;5;249mc[0m[38;5;249mo[0m[38;5;249mn[0m[38;5;249ms[0m[38;5;249mt[0m[38;5;249m [0m[38;5;249mp[0m[38;5;249ma[0m[38;5;249ml[0m[38;5;249me[0m[38;5;249mt[0m[38;5;249mt[0m[38;5;249me[0m[38;5;249m [0m[38;5;249m=[0m[38;5;249m [0m[
 [38;5;240m   │[0m                   ┬  
 [38;5;240m   │[0m                   ╰── Opened here
 [38;5;240m   │[0m 
 [38;5;246m45 │[0m [38;5;249m [0m[38;5;249m [0m[38;5;249m [0m[38;5;249m [0m"#ef4444"[38;5;249m,[0m
 [38;5;240m   │[0m     ────┬────  
 [38;5;240m   │[0m         ╰────── `,` or `]` expected
[38;5;246m────╯[0m
[31m
    at aggregateBindingErrorsIntoJsError (file:///D:/PUVI-DOC/Vendor-based%20Manufacturing%20ERP/frontend/node_modules/rolldown/dist/shared/error-BrnLyQ-g.mjs:48:18)
    at unwrapBindingResult (file:///D:/PUVI-DOC/Vendor-based%20Manufacturing%20ERP/frontend/node_modules/rolldown/dist/shared/error-BrnLyQ-g.mjs:18:128)
    at #build (file:///D:/PUVI-DOC/Vendor-based%20Manufacturing%20ERP/frontend/node_modules/rolldown/dist/shared/rolldown-build-D_ShytiL.mjs:3257:34)
    at async buildEnvironment (file:///D:/PUVI-DOC/Vendor-based%20Manufacturing%20ERP/frontend/node_modules/vite/dist/node/chunks/node.js:33052:64)
    at async Object.build (file:///D:/PUVI-DOC/Vendor-based%20Manufacturing%20ERP/frontend/node_modules/vite/dist/node/chunks/node.js:33474:19)
    at async Object.buildApp (file:///D:/PUVI-DOC/Vendor-based%20Manufacturing%20ERP/frontend/node_modules/vite/dist/node/chunks/node.js:33471:153)
    at async CAC.<anonymous> (file:///D:/PUVI-DOC/Vendor-based%20Manufacturing%20ERP/frontend/node_modules/vite/dist/node/cli.js:778:3) {
  errors: [Getter/Setter]
}[39m
